d:\c\vs2017wj\sixf-1.2freertos\sixf-1.2freertos\visualgdb\debug\i2c1.o
d:\c\vs2017wj\sixf-1.2freertos\sixf-1.2freertos\visualgdb\debug\pca_h_i2c_hal.o
d:\c\vs2017wj\sixf-1.2freertos\sixf-1.2freertos\visualgdb\debug\servo.o
d:\c\vs2017wj\sixf-1.2freertos\sixf-1.2freertos\visualgdb\debug\i2c1.dep
d:\c\vs2017wj\sixf-1.2freertos\sixf-1.2freertos\visualgdb\debug\pca_h_i2c_hal.dep
d:\c\vs2017wj\sixf-1.2freertos\sixf-1.2freertos\visualgdb\debug\servo.dep
d:\c\vs2017wj\sixf-1.2freertos\sixf-1.2freertos\visualgdb\debug\cmsis_os.gcc.rsp
d:\c\vs2017wj\sixf-1.2freertos\sixf-1.2freertos\visualgdb\debug\croutine.gcc.rsp
d:\c\vs2017wj\sixf-1.2freertos\sixf-1.2freertos\visualgdb\debug\event_groups.gcc.rsp
d:\c\vs2017wj\sixf-1.2freertos\sixf-1.2freertos\visualgdb\debug\heap_4.gcc.rsp
d:\c\vs2017wj\sixf-1.2freertos\sixf-1.2freertos\visualgdb\debug\i2c1.gcc.rsp
d:\c\vs2017wj\sixf-1.2freertos\sixf-1.2freertos\visualgdb\debug\list.gcc.rsp
d:\c\vs2017wj\sixf-1.2freertos\sixf-1.2freertos\visualgdb\debug\os_task.gcc.rsp
d:\c\vs2017wj\sixf-1.2freertos\sixf-1.2freertos\visualgdb\debug\pca_h_i2c_hal.gcc.rsp
d:\c\vs2017wj\sixf-1.2freertos\sixf-1.2freertos\visualgdb\debug\port.gcc.rsp
d:\c\vs2017wj\sixf-1.2freertos\sixf-1.2freertos\visualgdb\debug\queue.gcc.rsp
d:\c\vs2017wj\sixf-1.2freertos\sixf-1.2freertos\visualgdb\debug\servo.gcc.rsp
d:\c\vs2017wj\sixf-1.2freertos\sixf-1.2freertos\visualgdb\debug\sixf-1.2freertos.gcc.rsp
d:\c\vs2017wj\sixf-1.2freertos\sixf-1.2freertos\visualgdb\debug\startup_stm32f407xx.gcc.rsp
d:\c\vs2017wj\sixf-1.2freertos\sixf-1.2freertos\visualgdb\debug\stm32f4xx_hal.gcc.rsp
d:\c\vs2017wj\sixf-1.2freertos\sixf-1.2freertos\visualgdb\debug\stm32f4xx_hal_adc.gcc.rsp
d:\c\vs2017wj\sixf-1.2freertos\sixf-1.2freertos\visualgdb\debug\stm32f4xx_hal_adc_ex.gcc.rsp
d:\c\vs2017wj\sixf-1.2freertos\sixf-1.2freertos\visualgdb\debug\stm32f4xx_hal_can.gcc.rsp
d:\c\vs2017wj\sixf-1.2freertos\sixf-1.2freertos\visualgdb\debug\stm32f4xx_hal_cec.gcc.rsp
d:\c\vs2017wj\sixf-1.2freertos\sixf-1.2freertos\visualgdb\debug\stm32f4xx_hal_cortex.gcc.rsp
d:\c\vs2017wj\sixf-1.2freertos\sixf-1.2freertos\visualgdb\debug\stm32f4xx_hal_crc.gcc.rsp
d:\c\vs2017wj\sixf-1.2freertos\sixf-1.2freertos\visualgdb\debug\stm32f4xx_hal_cryp.gcc.rsp
d:\c\vs2017wj\sixf-1.2freertos\sixf-1.2freertos\visualgdb\debug\stm32f4xx_hal_cryp_ex.gcc.rsp
d:\c\vs2017wj\sixf-1.2freertos\sixf-1.2freertos\visualgdb\debug\stm32f4xx_hal_dac.gcc.rsp
d:\c\vs2017wj\sixf-1.2freertos\sixf-1.2freertos\visualgdb\debug\stm32f4xx_hal_dac_ex.gcc.rsp
d:\c\vs2017wj\sixf-1.2freertos\sixf-1.2freertos\visualgdb\debug\stm32f4xx_hal_dcmi.gcc.rsp
d:\c\vs2017wj\sixf-1.2freertos\sixf-1.2freertos\visualgdb\debug\stm32f4xx_hal_dcmi_ex.gcc.rsp
d:\c\vs2017wj\sixf-1.2freertos\sixf-1.2freertos\visualgdb\debug\stm32f4xx_hal_dfsdm.gcc.rsp
d:\c\vs2017wj\sixf-1.2freertos\sixf-1.2freertos\visualgdb\debug\stm32f4xx_hal_dma.gcc.rsp
d:\c\vs2017wj\sixf-1.2freertos\sixf-1.2freertos\visualgdb\debug\stm32f4xx_hal_dma2d.gcc.rsp
d:\c\vs2017wj\sixf-1.2freertos\sixf-1.2freertos\visualgdb\debug\stm32f4xx_hal_dma_ex.gcc.rsp
d:\c\vs2017wj\sixf-1.2freertos\sixf-1.2freertos\visualgdb\debug\stm32f4xx_hal_dsi.gcc.rsp
d:\c\vs2017wj\sixf-1.2freertos\sixf-1.2freertos\visualgdb\debug\stm32f4xx_hal_eth.gcc.rsp
d:\c\vs2017wj\sixf-1.2freertos\sixf-1.2freertos\visualgdb\debug\stm32f4xx_hal_flash.gcc.rsp
d:\c\vs2017wj\sixf-1.2freertos\sixf-1.2freertos\visualgdb\debug\stm32f4xx_hal_flash_ex.gcc.rsp
d:\c\vs2017wj\sixf-1.2freertos\sixf-1.2freertos\visualgdb\debug\stm32f4xx_hal_flash_ramfunc.gcc.rsp
d:\c\vs2017wj\sixf-1.2freertos\sixf-1.2freertos\visualgdb\debug\stm32f4xx_hal_fmpi2c.gcc.rsp
d:\c\vs2017wj\sixf-1.2freertos\sixf-1.2freertos\visualgdb\debug\stm32f4xx_hal_fmpi2c_ex.gcc.rsp
d:\c\vs2017wj\sixf-1.2freertos\sixf-1.2freertos\visualgdb\debug\stm32f4xx_hal_gpio.gcc.rsp
d:\c\vs2017wj\sixf-1.2freertos\sixf-1.2freertos\visualgdb\debug\stm32f4xx_hal_hash.gcc.rsp
d:\c\vs2017wj\sixf-1.2freertos\sixf-1.2freertos\visualgdb\debug\stm32f4xx_hal_hash_ex.gcc.rsp
d:\c\vs2017wj\sixf-1.2freertos\sixf-1.2freertos\visualgdb\debug\stm32f4xx_hal_hcd.gcc.rsp
d:\c\vs2017wj\sixf-1.2freertos\sixf-1.2freertos\visualgdb\debug\stm32f4xx_hal_i2c.gcc.rsp
d:\c\vs2017wj\sixf-1.2freertos\sixf-1.2freertos\visualgdb\debug\stm32f4xx_hal_i2c_ex.gcc.rsp
d:\c\vs2017wj\sixf-1.2freertos\sixf-1.2freertos\visualgdb\debug\stm32f4xx_hal_i2s.gcc.rsp
d:\c\vs2017wj\sixf-1.2freertos\sixf-1.2freertos\visualgdb\debug\stm32f4xx_hal_i2s_ex.gcc.rsp
d:\c\vs2017wj\sixf-1.2freertos\sixf-1.2freertos\visualgdb\debug\stm32f4xx_hal_irda.gcc.rsp
d:\c\vs2017wj\sixf-1.2freertos\sixf-1.2freertos\visualgdb\debug\stm32f4xx_hal_iwdg.gcc.rsp
d:\c\vs2017wj\sixf-1.2freertos\sixf-1.2freertos\visualgdb\debug\stm32f4xx_hal_lptim.gcc.rsp
d:\c\vs2017wj\sixf-1.2freertos\sixf-1.2freertos\visualgdb\debug\stm32f4xx_hal_ltdc.gcc.rsp
d:\c\vs2017wj\sixf-1.2freertos\sixf-1.2freertos\visualgdb\debug\stm32f4xx_hal_ltdc_ex.gcc.rsp
d:\c\vs2017wj\sixf-1.2freertos\sixf-1.2freertos\visualgdb\debug\stm32f4xx_hal_mmc.gcc.rsp
d:\c\vs2017wj\sixf-1.2freertos\sixf-1.2freertos\visualgdb\debug\stm32f4xx_hal_msp.gcc.rsp
d:\c\vs2017wj\sixf-1.2freertos\sixf-1.2freertos\visualgdb\debug\stm32f4xx_hal_nand.gcc.rsp
d:\c\vs2017wj\sixf-1.2freertos\sixf-1.2freertos\visualgdb\debug\stm32f4xx_hal_nor.gcc.rsp
d:\c\vs2017wj\sixf-1.2freertos\sixf-1.2freertos\visualgdb\debug\stm32f4xx_hal_pccard.gcc.rsp
d:\c\vs2017wj\sixf-1.2freertos\sixf-1.2freertos\visualgdb\debug\stm32f4xx_hal_pcd.gcc.rsp
d:\c\vs2017wj\sixf-1.2freertos\sixf-1.2freertos\visualgdb\debug\stm32f4xx_hal_pcd_ex.gcc.rsp
d:\c\vs2017wj\sixf-1.2freertos\sixf-1.2freertos\visualgdb\debug\stm32f4xx_hal_pwr.gcc.rsp
d:\c\vs2017wj\sixf-1.2freertos\sixf-1.2freertos\visualgdb\debug\stm32f4xx_hal_pwr_ex.gcc.rsp
d:\c\vs2017wj\sixf-1.2freertos\sixf-1.2freertos\visualgdb\debug\stm32f4xx_hal_qspi.gcc.rsp
d:\c\vs2017wj\sixf-1.2freertos\sixf-1.2freertos\visualgdb\debug\stm32f4xx_hal_rcc.gcc.rsp
d:\c\vs2017wj\sixf-1.2freertos\sixf-1.2freertos\visualgdb\debug\stm32f4xx_hal_rcc_ex.gcc.rsp
d:\c\vs2017wj\sixf-1.2freertos\sixf-1.2freertos\visualgdb\debug\stm32f4xx_hal_rng.gcc.rsp
d:\c\vs2017wj\sixf-1.2freertos\sixf-1.2freertos\visualgdb\debug\stm32f4xx_hal_rtc.gcc.rsp
d:\c\vs2017wj\sixf-1.2freertos\sixf-1.2freertos\visualgdb\debug\stm32f4xx_hal_rtc_ex.gcc.rsp
d:\c\vs2017wj\sixf-1.2freertos\sixf-1.2freertos\visualgdb\debug\stm32f4xx_hal_sai.gcc.rsp
d:\c\vs2017wj\sixf-1.2freertos\sixf-1.2freertos\visualgdb\debug\stm32f4xx_hal_sai_ex.gcc.rsp
d:\c\vs2017wj\sixf-1.2freertos\sixf-1.2freertos\visualgdb\debug\stm32f4xx_hal_sd.gcc.rsp
d:\c\vs2017wj\sixf-1.2freertos\sixf-1.2freertos\visualgdb\debug\stm32f4xx_hal_sdram.gcc.rsp
d:\c\vs2017wj\sixf-1.2freertos\sixf-1.2freertos\visualgdb\debug\stm32f4xx_hal_smartcard.gcc.rsp
d:\c\vs2017wj\sixf-1.2freertos\sixf-1.2freertos\visualgdb\debug\stm32f4xx_hal_spdifrx.gcc.rsp
d:\c\vs2017wj\sixf-1.2freertos\sixf-1.2freertos\visualgdb\debug\stm32f4xx_hal_spi.gcc.rsp
d:\c\vs2017wj\sixf-1.2freertos\sixf-1.2freertos\visualgdb\debug\stm32f4xx_hal_sram.gcc.rsp
d:\c\vs2017wj\sixf-1.2freertos\sixf-1.2freertos\visualgdb\debug\stm32f4xx_hal_tim.gcc.rsp
d:\c\vs2017wj\sixf-1.2freertos\sixf-1.2freertos\visualgdb\debug\stm32f4xx_hal_tim_ex.gcc.rsp
d:\c\vs2017wj\sixf-1.2freertos\sixf-1.2freertos\visualgdb\debug\stm32f4xx_hal_uart.gcc.rsp
d:\c\vs2017wj\sixf-1.2freertos\sixf-1.2freertos\visualgdb\debug\stm32f4xx_hal_usart.gcc.rsp
d:\c\vs2017wj\sixf-1.2freertos\sixf-1.2freertos\visualgdb\debug\stm32f4xx_hal_wwdg.gcc.rsp
d:\c\vs2017wj\sixf-1.2freertos\sixf-1.2freertos\visualgdb\debug\stm32f4xx_ll_adc.gcc.rsp
d:\c\vs2017wj\sixf-1.2freertos\sixf-1.2freertos\visualgdb\debug\stm32f4xx_ll_crc.gcc.rsp
d:\c\vs2017wj\sixf-1.2freertos\sixf-1.2freertos\visualgdb\debug\stm32f4xx_ll_dac.gcc.rsp
d:\c\vs2017wj\sixf-1.2freertos\sixf-1.2freertos\visualgdb\debug\stm32f4xx_ll_dma.gcc.rsp
d:\c\vs2017wj\sixf-1.2freertos\sixf-1.2freertos\visualgdb\debug\stm32f4xx_ll_dma2d.gcc.rsp
d:\c\vs2017wj\sixf-1.2freertos\sixf-1.2freertos\visualgdb\debug\stm32f4xx_ll_exti.gcc.rsp
d:\c\vs2017wj\sixf-1.2freertos\sixf-1.2freertos\visualgdb\debug\stm32f4xx_ll_fmc.gcc.rsp
d:\c\vs2017wj\sixf-1.2freertos\sixf-1.2freertos\visualgdb\debug\stm32f4xx_ll_fsmc.gcc.rsp
d:\c\vs2017wj\sixf-1.2freertos\sixf-1.2freertos\visualgdb\debug\stm32f4xx_ll_gpio.gcc.rsp
d:\c\vs2017wj\sixf-1.2freertos\sixf-1.2freertos\visualgdb\debug\stm32f4xx_ll_i2c.gcc.rsp
d:\c\vs2017wj\sixf-1.2freertos\sixf-1.2freertos\visualgdb\debug\stm32f4xx_ll_lptim.gcc.rsp
d:\c\vs2017wj\sixf-1.2freertos\sixf-1.2freertos\visualgdb\debug\stm32f4xx_ll_pwr.gcc.rsp
d:\c\vs2017wj\sixf-1.2freertos\sixf-1.2freertos\visualgdb\debug\stm32f4xx_ll_rcc.gcc.rsp
d:\c\vs2017wj\sixf-1.2freertos\sixf-1.2freertos\visualgdb\debug\stm32f4xx_ll_rng.gcc.rsp
d:\c\vs2017wj\sixf-1.2freertos\sixf-1.2freertos\visualgdb\debug\stm32f4xx_ll_rtc.gcc.rsp
d:\c\vs2017wj\sixf-1.2freertos\sixf-1.2freertos\visualgdb\debug\stm32f4xx_ll_sdmmc.gcc.rsp
d:\c\vs2017wj\sixf-1.2freertos\sixf-1.2freertos\visualgdb\debug\stm32f4xx_ll_spi.gcc.rsp
d:\c\vs2017wj\sixf-1.2freertos\sixf-1.2freertos\visualgdb\debug\stm32f4xx_ll_tim.gcc.rsp
d:\c\vs2017wj\sixf-1.2freertos\sixf-1.2freertos\visualgdb\debug\stm32f4xx_ll_usart.gcc.rsp
d:\c\vs2017wj\sixf-1.2freertos\sixf-1.2freertos\visualgdb\debug\stm32f4xx_ll_usb.gcc.rsp
d:\c\vs2017wj\sixf-1.2freertos\sixf-1.2freertos\visualgdb\debug\stm32f4xx_ll_utils.gcc.rsp
d:\c\vs2017wj\sixf-1.2freertos\sixf-1.2freertos\visualgdb\debug\system_stm32f4xx.gcc.rsp
d:\c\vs2017wj\sixf-1.2freertos\sixf-1.2freertos\visualgdb\debug\tasks.gcc.rsp
d:\c\vs2017wj\sixf-1.2freertos\sixf-1.2freertos\visualgdb\debug\timers.gcc.rsp
d:\c\vs2017wj\sixf-1.2freertos\sixf-1.2freertos\visualgdb\debug\usart1.gcc.rsp
d:\c\vs2017wj\sixf-1.2freertos\sixf-1.2freertos\visualgdb\debug\sixf-1.2freertos.alldeps
